<?xml version="1.0" encoding="UTF-8"?>
<!-- Generated by org.testng.reporters.JUnitXMLReporter -->
<testsuite ignored="0" hostname="DEVAKI" failures="0" tests="5" name="Surefire test" time="7.043" errors="0" timestamp="09 Dec 2020 12:24:34 GMT">
  <testcase classname="RestTest.DeleteTest" name="DeleteTest" time="3.191"/>
  <testcase classname="RestTest.PostTest" name="posttest" time="0.768"/>
  <testcase classname="RestTest.PutTest" name="testput" time="1.187"/>
  <testcase classname="RestTest.TestGet" name="getuserdetails" time="1.203"/>
  <testcase classname="RestTest.TestGet" name="getuserdetails1" time="0.672"/>
</testsuite> <!-- Surefire test -->
