<?xml version="1.0" encoding="UTF-8"?>
<!-- Generated by org.testng.reporters.JUnitXMLReporter -->
<testsuite hostname="DEVAKI" ignored="0" name="test" tests="6" failures="0" timestamp="09 Dec 2020 11:05:34 GMT" time="6.745" errors="0">
  <testcase name="weatherdetails" time="4.163" classname="RestAssured.RestAssuredGet"/>
  <testcase name="postest" time="3.432" classname="RestAssured.RestAssuredPost"/>
  <testcase name="postest" time="0.631" classname="RestAssured.RestAssuredPost"/>
  <testcase name="postest" time="0.552" classname="RestAssured.RestAssuredPost"/>
  <testcase name="postest" time="0.672" classname="RestAssured.RestAssuredPost"/>
  <testcase name="postest" time="0.606" classname="RestAssured.RestAssuredPost"/>
</testsuite> <!-- test -->
