<?xml version="1.0" encoding="UTF-8"?>
<testng-results ignored="0" total="5" passed="5" failed="0" skipped="0">
  <reporter-output>
  </reporter-output>
  <suite started-at="2020-12-09T12:24:27Z" name="Surefire suite" finished-at="2020-12-09T12:24:34Z" duration-ms="7043">
    <groups>
    </groups>
    <test started-at="2020-12-09T12:24:27Z" name="Surefire test" finished-at="2020-12-09T12:24:34Z" duration-ms="7043">
      <class name="RestTest.PutTest">
        <test-method is-config="true" signature="putrequest()[pri:0, instance:RestTest.PutTest@7f416310]" started-at="2020-12-09T12:24:31Z" name="putrequest" finished-at="2020-12-09T12:24:31Z" duration-ms="1" status="PASS">
          <reporter-output>
          </reporter-output>
        </test-method> <!-- putrequest -->
        <test-method signature="testput()[pri:0, instance:RestTest.PutTest@7f416310]" started-at="2020-12-09T12:24:31Z" name="testput" finished-at="2020-12-09T12:24:32Z" duration-ms="1187" status="PASS">
          <reporter-output>
          </reporter-output>
        </test-method> <!-- testput -->
      </class> <!-- RestTest.PutTest -->
      <class name="RestTest.TestGet">
        <test-method signature="getuserdetails()[pri:0, instance:RestTest.TestGet@1cab0bfb]" started-at="2020-12-09T12:24:32Z" name="getuserdetails" finished-at="2020-12-09T12:24:33Z" duration-ms="1203" status="PASS">
          <reporter-output>
          </reporter-output>
        </test-method> <!-- getuserdetails -->
        <test-method signature="getuserdetails1()[pri:0, instance:RestTest.TestGet@1cab0bfb]" started-at="2020-12-09T12:24:33Z" name="getuserdetails1" finished-at="2020-12-09T12:24:34Z" duration-ms="672" status="PASS">
          <reporter-output>
          </reporter-output>
        </test-method> <!-- getuserdetails1 -->
      </class> <!-- RestTest.TestGet -->
      <class name="RestTest.PostTest">
        <test-method is-config="true" signature="testdata()[pri:0, instance:RestTest.PostTest@1ad282e0]" started-at="2020-12-09T12:24:30Z" name="testdata" finished-at="2020-12-09T12:24:30Z" duration-ms="1" status="PASS">
          <reporter-output>
          </reporter-output>
        </test-method> <!-- testdata -->
        <test-method signature="posttest()[pri:0, instance:RestTest.PostTest@1ad282e0]" started-at="2020-12-09T12:24:30Z" name="posttest" finished-at="2020-12-09T12:24:31Z" duration-ms="768" status="PASS">
          <reporter-output>
          </reporter-output>
        </test-method> <!-- posttest -->
      </class> <!-- RestTest.PostTest -->
      <class name="RestTest.DeleteTest">
        <test-method signature="DeleteTest()[pri:0, instance:RestTest.DeleteTest@51b279c9]" started-at="2020-12-09T12:24:27Z" name="DeleteTest" finished-at="2020-12-09T12:24:30Z" duration-ms="3191" status="PASS">
          <reporter-output>
          </reporter-output>
        </test-method> <!-- DeleteTest -->
      </class> <!-- RestTest.DeleteTest -->
    </test> <!-- Surefire test -->
  </suite> <!-- Surefire suite -->
</testng-results>
